<?xml version="1.0" encoding="UTF-8"?>
<!-- Generated by org.testng.reporters.JUnitXMLReporter -->
<testsuite ignored="0" hostname="DESKTOP-6FIB2UL" failures="0" tests="4" name="Test1" time="15.279" errors="0" timestamp="2025-10-09T16:46:02 CEST">
  <testcase classname="testScripts.LoginTest" name="verifyLoginWithValidCredentials" time="2.024"/>
  <testcase classname="testScripts.LoginTest" name="verifyLoginWithValidUserNameInvalidPassword" time="0.728"/>
  <testcase classname="testScripts.LoginTest" name="verifyLoginWithInvalidUserNameValidPassword" time="0.673"/>
  <testcase classname="testScripts.LoginTest" name="verifyLoginWithInvalidUserNameInvalidPassword" time="0.622"/>
</testsuite> <!-- Test1 -->
