<?xml version="1.0" encoding="UTF-8"?>
<!-- Generated by org.testng.reporters.JUnitXMLReporter -->
<testsuite ignored="0" hostname="DESKTOP-6FIB2UL" failures="0" tests="4" name="Test1" time="14.736" errors="0" timestamp="2025-10-09T16:49:03 CEST">
  <testcase classname="testScripts.LoginTest" name="verifyLoginWithValidCredentials" time="1.967"/>
  <testcase classname="testScripts.LoginTest" name="verifyLoginWithValidUserNameInvalidPassword" time="0.707"/>
  <testcase classname="testScripts.LoginTest" name="verifyLoginWithInvalidUserNameValidPassword" time="0.637"/>
  <testcase classname="testScripts.LoginTest" name="verifyLoginWithInvalidUserNameInvalidPassword" time="0.642"/>
</testsuite> <!-- Test1 -->
