<?xml version="1.0" encoding="UTF-8"?>
<testng-results ignored="0" total="1" passed="1" failed="0" skipped="0">
  <reporter-output>
  </reporter-output>
  <suite started-at="2025-10-07T17:10:46 CEST" name="Suite" finished-at="2025-10-07T17:10:53 CEST" duration-ms="7251">
    <groups>
    </groups>
    <test started-at="2025-10-07T17:10:46 CEST" name="Test" finished-at="2025-10-07T17:10:53 CEST" duration-ms="7251">
      <class name="testScripts.LoginTest">
        <test-method is-config="true" signature="initilizeBrowser()[pri:0, instance:testScripts.LoginTest@46d59067]" started-at="2025-10-07T17:10:46 CEST" name="initilizeBrowser" finished-at="2025-10-07T17:10:51 CEST" duration-ms="5095" status="PASS">
          <reporter-output>
          </reporter-output>
        </test-method> <!-- initilizeBrowser -->
        <test-method signature="verifyLoginWithValidCredentials()[pri:0, instance:testScripts.LoginTest@46d59067]" started-at="2025-10-07T17:10:51 CEST" name="verifyLoginWithValidCredentials" finished-at="2025-10-07T17:10:53 CEST" duration-ms="2099" status="PASS">
          <reporter-output>
          </reporter-output>
        </test-method> <!-- verifyLoginWithValidCredentials -->
        <test-method is-config="true" signature="driverQuit(org.testng.ITestResult)[pri:0, instance:testScripts.LoginTest@46d59067]" started-at="2025-10-07T17:10:53 CEST" name="driverQuit" finished-at="2025-10-07T17:10:53 CEST" duration-ms="2" status="PASS">
          <params>
            <param index="0">
              <value>
                <![CDATA[[TestResult name=verifyLoginWithValidCredentials status=SUCCESS method=LoginTest.verifyLoginWithValidCredentials()[pri:0, instance:testScripts.LoginTest@46d59067] output={null}]]]>
              </value>
            </param>
          </params>
          <reporter-output>
          </reporter-output>
        </test-method> <!-- driverQuit -->
      </class> <!-- testScripts.LoginTest -->
    </test> <!-- Test -->
  </suite> <!-- Suite -->
</testng-results>
