<?xml version="1.0" encoding="UTF-8"?>
<!-- Generated by org.testng.reporters.JUnitXMLReporter -->
<testsuite ignored="2" hostname="DESKTOP-6FIB2UL" failures="0" tests="1" name="Default test" time="6.732" errors="0" timestamp="2025-10-06T15:38:07 CEST">
  <testcase classname="testScripts.AdminUserTest" name="validateResetOption" time="2.566"/>
  <testcase classname="testScripts.AdminUserTest" name="verifyNewUserCreation" time="0.0">
    <ignored/>
  </testcase> <!-- verifyNewUserCreation -->
  <testcase classname="testScripts.AdminUserTest" name="verifySearchAdminUsers" time="0.0">
    <ignored/>
  </testcase> <!-- verifySearchAdminUsers -->
</testsuite> <!-- Default test -->
