<?xml version="1.0" encoding="UTF-8"?>
<!-- Generated by org.testng.reporters.JUnitXMLReporter -->
<testsuite ignored="3" hostname="DESKTOP-6FIB2UL" failures="0" tests="2" name="Test" time="7.041" errors="0" timestamp="2025-10-10T17:20:12 CEST">
  <testcase classname="testScripts.LoginTest" name="verifyLoginWithInvalidUserNameInvalidPassword" time="0.597"/>
  <testcase classname="testScripts.LoginTest" name="verifyLoginWithInvalidUserNameInvalidPassword" time="0.325"/>
  <testcase classname="testScripts.LoginTest" name="verifyLoginWithValidCredentials" time="0.0">
    <ignored/>
  </testcase> <!-- verifyLoginWithValidCredentials -->
  <testcase classname="testScripts.LoginTest" name="verifyLoginWithValidUserNameInvalidPassword" time="0.0">
    <ignored/>
  </testcase> <!-- verifyLoginWithValidUserNameInvalidPassword -->
  <testcase classname="testScripts.LoginTest" name="verifyLoginWithInvalidUserNameValidPassword" time="0.0">
    <ignored/>
  </testcase> <!-- verifyLoginWithInvalidUserNameValidPassword -->
</testsuite> <!-- Test -->
