<?xml version="1.0" encoding="UTF-8"?>
<!-- Generated by org.testng.reporters.JUnitXMLReporter -->
<testsuite ignored="3" hostname="DESKTOP-6FIB2UL" failures="0" tests="1" name="Test" time="7.251" errors="0" timestamp="2025-10-07T17:10:53 CEST">
  <testcase classname="testScripts.LoginTest" name="verifyLoginWithValidCredentials" time="2.099"/>
  <testcase classname="testScripts.LoginTest" name="verifyLoginWithValidUserNameInvalidPassword" time="0.0">
    <ignored/>
  </testcase> <!-- verifyLoginWithValidUserNameInvalidPassword -->
  <testcase classname="testScripts.LoginTest" name="verifyLoginWithInvalidUserNameValidPassword" time="0.0">
    <ignored/>
  </testcase> <!-- verifyLoginWithInvalidUserNameValidPassword -->
  <testcase classname="testScripts.LoginTest" name="verifyLoginWithInvalidUserNameInvalidPassword" time="0.0">
    <ignored/>
  </testcase> <!-- verifyLoginWithInvalidUserNameInvalidPassword -->
</testsuite> <!-- Test -->
