<?xml version="1.0" encoding="UTF-8"?>
<!-- Generated by org.testng.reporters.JUnitXMLReporter -->
<testsuite ignored="2" hostname="DESKTOP-6FIB2UL" failures="0" tests="2" name="Test" time="8.324" errors="0" timestamp="2025-10-08T16:58:02 CEST">
  <testcase classname="testScripts.LoginTest" name="verifyLoginWithValidCredentials" time="2.041"/>
  <testcase classname="testScripts.LoginTest" name="verifyLoginWithInvalidUserNameInvalidPassword" time="0.622"/>
  <testcase classname="testScripts.LoginTest" name="verifyLoginWithInvalidUserNameValidPassword" time="0.0">
    <ignored/>
  </testcase> <!-- verifyLoginWithInvalidUserNameValidPassword -->
  <testcase classname="testScripts.LoginTest" name="verifyLoginWithValidUserNameInvalidPassword" time="0.0">
    <ignored/>
  </testcase> <!-- verifyLoginWithValidUserNameInvalidPassword -->
</testsuite> <!-- Test -->
